core/notifications/build/intermediates/manifest_merge_blame_file/debug/processDebugManifest/manifest-merger-blame-debug-report.txt
1<?xml version="1.0" encoding="utf-8"?>
2<manifest xmlns:android="http://schemas.android.com/apk/res/android"
3    package="com.example.pulsepoint.core.notifications" >
4
5    <uses-sdk android:minSdkVersion="24" />
6
7    <uses-permission android:name="android.permission.POST_NOTIFICATIONS" />
7-->src/main/AndroidManifest.xml:3:5-77
7-->src/main/AndroidManifest.xml:3:22-74
8    <uses-permission android:name="android.permission.POST_PROMOTED_NOTIFICATIONS" />
8-->src/main/AndroidManifest.xml:4:5-86
8-->src/main/AndroidManifest.xml:4:22-83
9    <uses-permission android:name="android.permission.FOREGROUND_SERVICE" />
9-->src/main/AndroidManifest.xml:5:5-77
9-->src/main/AndroidManifest.xml:5:22-74
10    <uses-permission android:name="android.permission.FOREGROUND_SERVICE_IMMEDIATE" />
10-->src/main/AndroidManifest.xml:6:5-87
10-->src/main/AndroidManifest.xml:6:22-84
11
12</manifest>